[2026-06-25 17:08:37.761] [global] [info] saving to /tmp/dump...
[2026-06-25 17:08:37.762] [global] [info] serializing factor graph to /tmp/dump/graph.bin
[2026-06-25 17:08:37.849] [global] [info] saving config
[2026-06-25 17:08:37.850] [global] [info] saved
[2026-06-25 20:04:08.318] [global] [info] saving to /tmp/dump...
[2026-06-25 20:04:08.319] [global] [info] serializing factor graph to /tmp/dump/graph.bin
[2026-06-25 20:04:15.406] [global] [info] saving config
[2026-06-25 20:04:15.407] [global] [info] saved
[2026-06-25 20:05:26.505] [global] [info] saving to /tmp/dump...
[2026-06-25 20:05:26.506] [global] [info] serializing factor graph to /tmp/dump/graph.bin
[2026-06-25 20:05:26.549] [global] [info] saving config
[2026-06-25 20:05:26.551] [global] [info] saved
[2026-06-25 20:08:58.574] [global] [info] saving to /tmp/dump...
[2026-06-25 20:08:58.575] [global] [info] serializing factor graph to /tmp/dump/graph.bin
[2026-06-25 20:08:58.698] [global] [info] saving config
[2026-06-25 20:08:58.700] [global] [info] saved
[2026-06-25 20:13:11.242] [global] [info] saving to /tmp/dump...
[2026-06-25 20:13:11.243] [global] [info] serializing factor graph to /tmp/dump/graph.bin
[2026-06-25 20:13:11.374] [global] [info] saving config
[2026-06-25 20:13:11.376] [global] [info] saved
[2026-06-25 20:15:36.215] [global] [info] saving to /tmp/dump...
[2026-06-25 20:15:36.215] [global] [info] serializing factor graph to /tmp/dump/graph.bin
[2026-06-25 20:15:36.737] [global] [info] saving config
[2026-06-25 20:15:36.743] [global] [info] saved
[2026-06-25 20:16:19.990] [global] [info] saving to /tmp/dump...
[2026-06-25 20:16:19.990] [global] [info] serializing factor graph to /tmp/dump/graph.bin
[2026-06-25 20:16:20.038] [global] [info] saving config
[2026-06-25 20:16:20.040] [global] [info] saved
[2026-07-09 19:51:14.575] [global] [info] saving to /tmp/dump...
[2026-07-09 19:51:14.575] [global] [info] serializing factor graph to /tmp/dump/graph.bin
[2026-07-09 19:51:14.684] [global] [info] saving config
[2026-07-09 19:51:14.686] [global] [info] saved
[2026-07-09 20:00:25.621] [global] [info] saving to /tmp/dump...
[2026-07-09 20:00:25.621] [global] [info] serializing factor graph to /tmp/dump/graph.bin
[2026-07-09 20:00:26.926] [global] [info] saving config
[2026-07-09 20:00:26.934] [global] [info] saved
[2026-07-09 20:00:32.824] [global] [info] saving to /tmp/dump...
[2026-07-09 20:00:32.824] [global] [info] serializing factor graph to /tmp/dump/graph.bin
[2026-07-09 20:00:32.826] [global] [info] saving config
[2026-07-09 20:00:32.826] [global] [info] saved
[2026-07-09 20:04:34.858] [global] [info] saving to /tmp/dump...
[2026-07-09 20:04:34.858] [global] [info] serializing factor graph to /tmp/dump/graph.bin
[2026-07-09 20:04:35.716] [global] [info] saving config
[2026-07-09 20:04:35.723] [global] [info] saved
[2026-07-09 20:06:37.855] [global] [info] saving to /tmp/dump...
[2026-07-09 20:06:37.855] [global] [info] serializing factor graph to /tmp/dump/graph.bin
[2026-07-09 20:06:38.082] [global] [info] saving config
[2026-07-09 20:06:38.085] [global] [info] saved
[2026-07-09 20:07:50.614] [global] [info] saving to /tmp/dump...
[2026-07-09 20:07:50.614] [global] [info] serializing factor graph to /tmp/dump/graph.bin
[2026-07-09 20:07:50.827] [global] [info] saving config
[2026-07-09 20:07:50.830] [global] [info] saved
[2026-07-09 20:11:01.709] [global] [info] saving to /tmp/dump...
[2026-07-09 20:11:01.710] [global] [info] serializing factor graph to /tmp/dump/graph.bin
[2026-07-09 20:11:02.328] [global] [info] saving config
[2026-07-09 20:11:02.334] [global] [info] saved
[2026-07-09 20:56:34.035] [global] [info] saving to /tmp/dump...
[2026-07-09 20:56:34.038] [global] [info] serializing factor graph to /tmp/dump/graph.bin
[2026-07-09 20:56:44.249] [global] [info] saving config
[2026-07-09 20:56:44.261] [global] [info] saved
[2026-07-13 15:12:54.918] [global] [info] saving to /tmp/dump...
[2026-07-13 15:12:54.919] [global] [info] serializing factor graph to /tmp/dump/graph.bin
[2026-07-13 15:12:54.977] [global] [info] saving config
[2026-07-13 15:12:54.978] [global] [info] saved
[2026-07-13 15:13:42.381] [global] [info] saving to /tmp/dump...
[2026-07-13 15:13:42.381] [global] [info] serializing factor graph to /tmp/dump/graph.bin
[2026-07-13 15:13:42.421] [global] [info] saving config
[2026-07-13 15:13:42.422] [global] [info] saved
[2026-07-13 15:17:54.698] [global] [info] saving to /tmp/dump...
[2026-07-13 15:17:54.698] [global] [info] serializing factor graph to /tmp/dump/graph.bin
[2026-07-13 15:17:55.665] [global] [info] saving config
[2026-07-13 15:17:55.673] [global] [info] saved
[2026-07-13 15:51:45.393] [global] [info] saving to /tmp/dump...
[2026-07-13 15:51:45.406] [global] [info] serializing factor graph to /tmp/dump/graph.bin
[2026-07-13 15:51:50.941] [global] [info] saving config
[2026-07-13 15:51:50.964] [global] [info] saved
[2026-07-13 16:03:32.079] [global] [info] saving to /tmp/dump...
[2026-07-13 16:03:32.080] [global] [info] serializing factor graph to /tmp/dump/graph.bin
[2026-07-13 16:03:34.927] [global] [info] saving config
[2026-07-13 16:03:34.940] [global] [info] saved
[2026-07-13 16:05:12.386] [global] [info] saving to /tmp/dump...
[2026-07-13 16:05:12.386] [global] [info] serializing factor graph to /tmp/dump/graph.bin
[2026-07-13 16:05:12.421] [global] [info] saving config
[2026-07-13 16:05:12.422] [global] [info] saved
[2026-07-13 16:06:38.874] [global] [info] saving to /tmp/dump...
[2026-07-13 16:06:38.874] [global] [info] serializing factor graph to /tmp/dump/graph.bin
[2026-07-13 16:06:38.889] [global] [info] saving config
[2026-07-13 16:06:38.889] [global] [info] saved
[2026-07-13 16:06:53.838] [global] [info] saving to /tmp/dump...
[2026-07-13 16:06:53.838] [global] [info] serializing factor graph to /tmp/dump/graph.bin
[2026-07-13 16:06:53.839] [global] [info] saving config
[2026-07-13 16:06:53.840] [global] [info] saved
[2026-07-13 16:08:24.045] [global] [info] saving to /tmp/dump...
[2026-07-13 16:08:24.045] [global] [info] serializing factor graph to /tmp/dump/graph.bin
[2026-07-13 16:08:24.284] [global] [info] saving config
[2026-07-13 16:08:24.286] [global] [info] saved
[2026-07-13 16:23:50.145] [global] [info] saving to /tmp/dump...
[2026-07-13 16:23:50.145] [global] [info] serializing factor graph to /tmp/dump/graph.bin
[2026-07-13 16:23:53.524] [global] [info] saving config
[2026-07-13 16:23:53.538] [global] [info] saved
[2026-07-13 16:38:38.559] [global] [info] saving to /tmp/dump...
[2026-07-13 16:38:38.559] [global] [info] serializing factor graph to /tmp/dump/graph.bin
[2026-07-13 16:38:38.777] [global] [info] saving config
[2026-07-13 16:38:38.780] [global] [info] saved
[2026-07-13 16:52:43.053] [global] [info] saving to /tmp/dump...
[2026-07-13 16:52:43.053] [global] [info] serializing factor graph to /tmp/dump/graph.bin
[2026-07-13 16:52:45.625] [global] [info] saving config
[2026-07-13 16:52:45.636] [global] [info] saved
[2026-07-13 18:16:53.653] [global] [info] saving to /tmp/dump...
[2026-07-13 18:16:53.654] [global] [info] serializing factor graph to /tmp/dump/graph.bin
[2026-07-13 18:16:55.973] [global] [info] saving config
[2026-07-13 18:16:55.985] [global] [info] saved
[2026-07-13 18:26:58.756] [global] [info] saving to /tmp/dump...
[2026-07-13 18:26:58.756] [global] [info] serializing factor graph to /tmp/dump/graph.bin
[2026-07-13 18:26:59.341] [global] [info] saving config
[2026-07-13 18:26:59.345] [global] [info] saved
[2026-07-13 18:34:28.226] [global] [info] saving to /tmp/dump...
[2026-07-13 18:34:28.226] [global] [info] serializing factor graph to /tmp/dump/graph.bin
[2026-07-13 18:34:29.987] [global] [info] saving config
[2026-07-13 18:34:29.997] [global] [info] saved
[2026-07-13 18:51:12.585] [global] [info] saving to /tmp/dump...
[2026-07-13 18:51:12.585] [global] [info] serializing factor graph to /tmp/dump/graph.bin
[2026-07-13 18:51:12.851] [global] [info] saving config
[2026-07-13 18:51:12.853] [global] [info] saved
[2026-07-13 18:53:19.753] [global] [warning] previous submap has only a small overlap with the current submap (0.2460202604920405)
[2026-07-13 18:53:19.753] [global] [warning] create a between factor to prevent the submap from being isolated
[2026-07-13 18:54:00.587] [global] [warning] previous submap has only a small overlap with the current submap (0.182328190743338)
[2026-07-13 18:54:00.587] [global] [warning] create a between factor to prevent the submap from being isolated
