running egg_info
creating ../../build/acre_slam/acre_slam.egg-info
writing ../../build/acre_slam/acre_slam.egg-info/PKG-INFO
writing dependency_links to ../../build/acre_slam/acre_slam.egg-info/dependency_links.txt
writing entry points to ../../build/acre_slam/acre_slam.egg-info/entry_points.txt
writing requirements to ../../build/acre_slam/acre_slam.egg-info/requires.txt
writing top-level names to ../../build/acre_slam/acre_slam.egg-info/top_level.txt
writing manifest file '../../build/acre_slam/acre_slam.egg-info/SOURCES.txt'
reading manifest file '../../build/acre_slam/acre_slam.egg-info/SOURCES.txt'
writing manifest file '../../build/acre_slam/acre_slam.egg-info/SOURCES.txt'
running build
running build_py
creating /workspace/build/acre_slam/build
creating /workspace/build/acre_slam/build/lib
creating /workspace/build/acre_slam/build/lib/acre_slam
copying acre_slam/__init__.py -> /workspace/build/acre_slam/build/lib/acre_slam
copying acre_slam/acre_slam.py -> /workspace/build/acre_slam/build/lib/acre_slam
running install
running install_lib
creating /workspace/install/acre_slam/lib/python3.10/site-packages/acre_slam
copying /workspace/build/acre_slam/build/lib/acre_slam/__init__.py -> /workspace/install/acre_slam/lib/python3.10/site-packages/acre_slam
copying /workspace/build/acre_slam/build/lib/acre_slam/acre_slam.py -> /workspace/install/acre_slam/lib/python3.10/site-packages/acre_slam
byte-compiling /workspace/install/acre_slam/lib/python3.10/site-packages/acre_slam/__init__.py to __init__.cpython-310.pyc
byte-compiling /workspace/install/acre_slam/lib/python3.10/site-packages/acre_slam/acre_slam.py to acre_slam.cpython-310.pyc
running install_data
creating /workspace/install/acre_slam/share/ament_index
creating /workspace/install/acre_slam/share/ament_index/resource_index
creating /workspace/install/acre_slam/share/ament_index/resource_index/packages
copying resource/acre_slam -> /workspace/install/acre_slam/share/ament_index/resource_index/packages
copying package.xml -> /workspace/install/acre_slam/share/acre_slam
running install_egg_info
Copying ../../build/acre_slam/acre_slam.egg-info to /workspace/install/acre_slam/lib/python3.10/site-packages/acre_slam-0.0.0-py3.10.egg-info
running install_scripts
Installing acre_slam script to /workspace/install/acre_slam/lib/acre_slam
writing list of installed files to '/workspace/build/acre_slam/install.log'
