[0.576s] Invoking command in '/workspace/src/acre_slam': PYTHONPATH=/workspace/build/acre_slam/prefix_override:/usr/lib/python3/dist-packages/colcon_core/task/python/colcon_distutils_commands:/workspace/install/acre_slam/lib/python3.10/site-packages:${PYTHONPATH} /usr/bin/python3 -W ignore:setup.py install is deprecated -W ignore:easy_install command is deprecated setup.py egg_info --egg-base ../../build/acre_slam build --build-base /workspace/build/acre_slam/build install --record /workspace/build/acre_slam/install.log --single-version-externally-managed install_data
[0.792s] running egg_info
[0.792s] creating ../../build/acre_slam/acre_slam.egg-info
[0.792s] writing ../../build/acre_slam/acre_slam.egg-info/PKG-INFO
[0.792s] writing dependency_links to ../../build/acre_slam/acre_slam.egg-info/dependency_links.txt
[0.793s] writing entry points to ../../build/acre_slam/acre_slam.egg-info/entry_points.txt
[0.793s] writing requirements to ../../build/acre_slam/acre_slam.egg-info/requires.txt
[0.793s] writing top-level names to ../../build/acre_slam/acre_slam.egg-info/top_level.txt
[0.793s] writing manifest file '../../build/acre_slam/acre_slam.egg-info/SOURCES.txt'
[0.795s] reading manifest file '../../build/acre_slam/acre_slam.egg-info/SOURCES.txt'
[0.795s] writing manifest file '../../build/acre_slam/acre_slam.egg-info/SOURCES.txt'
[0.795s] running build
[0.795s] running build_py
[0.795s] creating /workspace/build/acre_slam/build
[0.796s] creating /workspace/build/acre_slam/build/lib
[0.796s] creating /workspace/build/acre_slam/build/lib/acre_slam
[0.796s] copying acre_slam/__init__.py -> /workspace/build/acre_slam/build/lib/acre_slam
[0.796s] copying acre_slam/acre_slam.py -> /workspace/build/acre_slam/build/lib/acre_slam
[0.796s] running install
[0.796s] running install_lib
[0.797s] creating /workspace/install/acre_slam/lib/python3.10/site-packages/acre_slam
[0.797s] copying /workspace/build/acre_slam/build/lib/acre_slam/__init__.py -> /workspace/install/acre_slam/lib/python3.10/site-packages/acre_slam
[0.797s] copying /workspace/build/acre_slam/build/lib/acre_slam/acre_slam.py -> /workspace/install/acre_slam/lib/python3.10/site-packages/acre_slam
[0.798s] byte-compiling /workspace/install/acre_slam/lib/python3.10/site-packages/acre_slam/__init__.py to __init__.cpython-310.pyc
[0.798s] byte-compiling /workspace/install/acre_slam/lib/python3.10/site-packages/acre_slam/acre_slam.py to acre_slam.cpython-310.pyc
[0.798s] running install_data
[0.798s] creating /workspace/install/acre_slam/share/ament_index
[0.798s] creating /workspace/install/acre_slam/share/ament_index/resource_index
[0.799s] creating /workspace/install/acre_slam/share/ament_index/resource_index/packages
[0.799s] copying resource/acre_slam -> /workspace/install/acre_slam/share/ament_index/resource_index/packages
[0.799s] copying package.xml -> /workspace/install/acre_slam/share/acre_slam
[0.799s] running install_egg_info
[0.800s] Copying ../../build/acre_slam/acre_slam.egg-info to /workspace/install/acre_slam/lib/python3.10/site-packages/acre_slam-0.0.0-py3.10.egg-info
[0.801s] running install_scripts
[0.822s] Installing acre_slam script to /workspace/install/acre_slam/lib/acre_slam
[0.822s] writing list of installed files to '/workspace/build/acre_slam/install.log'
[0.853s] Invoked command in '/workspace/src/acre_slam' returned '0': PYTHONPATH=/workspace/build/acre_slam/prefix_override:/usr/lib/python3/dist-packages/colcon_core/task/python/colcon_distutils_commands:/workspace/install/acre_slam/lib/python3.10/site-packages:${PYTHONPATH} /usr/bin/python3 -W ignore:setup.py install is deprecated -W ignore:easy_install command is deprecated setup.py egg_info --egg-base ../../build/acre_slam build --build-base /workspace/build/acre_slam/build install --record /workspace/build/acre_slam/install.log --single-version-externally-managed install_data
