[0.857s] Invoking command in '/workspace/src/acre_slam': PYTHONPATH=/workspace/build/acre_slam/prefix_override:/usr/lib/python3/dist-packages/colcon_core/task/python/colcon_distutils_commands:/workspace/install/acre_slam/lib/python3.10/site-packages:${PYTHONPATH} /usr/bin/python3 -W ignore:setup.py install is deprecated -W ignore:easy_install command is deprecated setup.py egg_info --egg-base ../../build/acre_slam build --build-base /workspace/build/acre_slam/build install --record /workspace/build/acre_slam/install.log --single-version-externally-managed install_data
[1.192s] running egg_info
[1.193s] writing ../../build/acre_slam/acre_slam.egg-info/PKG-INFO
[1.193s] writing dependency_links to ../../build/acre_slam/acre_slam.egg-info/dependency_links.txt
[1.194s] writing entry points to ../../build/acre_slam/acre_slam.egg-info/entry_points.txt
[1.194s] writing requirements to ../../build/acre_slam/acre_slam.egg-info/requires.txt
[1.194s] writing top-level names to ../../build/acre_slam/acre_slam.egg-info/top_level.txt
[1.197s] reading manifest file '../../build/acre_slam/acre_slam.egg-info/SOURCES.txt'
[1.198s] writing manifest file '../../build/acre_slam/acre_slam.egg-info/SOURCES.txt'
[1.198s] running build
[1.198s] running build_py
[1.199s] running install
[1.199s] running install_lib
[1.201s] running install_data
[1.201s] running install_egg_info
[1.204s] removing '/workspace/install/acre_slam/lib/python3.10/site-packages/acre_slam-0.0.0-py3.10.egg-info' (and everything under it)
[1.205s] Copying ../../build/acre_slam/acre_slam.egg-info to /workspace/install/acre_slam/lib/python3.10/site-packages/acre_slam-0.0.0-py3.10.egg-info
[1.207s] running install_scripts
[1.238s] Installing acre_slam script to /workspace/install/acre_slam/lib/acre_slam
[1.238s] writing list of installed files to '/workspace/build/acre_slam/install.log'
[1.270s] Invoked command in '/workspace/src/acre_slam' returned '0': PYTHONPATH=/workspace/build/acre_slam/prefix_override:/usr/lib/python3/dist-packages/colcon_core/task/python/colcon_distutils_commands:/workspace/install/acre_slam/lib/python3.10/site-packages:${PYTHONPATH} /usr/bin/python3 -W ignore:setup.py install is deprecated -W ignore:easy_install command is deprecated setup.py egg_info --egg-base ../../build/acre_slam build --build-base /workspace/build/acre_slam/build install --record /workspace/build/acre_slam/install.log --single-version-externally-managed install_data
